# JRE version: OpenJDK Runtime Environment (11.0.13) (build 11.0.13+0-b1751.21-8125866)
# Java VM: OpenJDK 64-Bit Server VM (11.0.13+0-b1751.21-8125866, mixed mode, tiered, compressed oops, g1 gc, windows-amd64)
Heap:
 garbage-first heap   total 129024K, used 90679K [0x0000000080000000, 0x0000000100000000)
  region size 1024K, 25 young (25600K), 4 survivors (4096K)
 Metaspace       used 84861K, capacity 86893K, committed 86992K, reserved 1124352K
  class space    used 10922K, capacity 11695K, committed 11776K, reserved 1048576K
GC Heap History (20 events):
Event: 7.577 GC heap before
{Heap before GC invocations=9 (full 0):
 garbage-first heap   total 129024K, used 99951K [0x0000000080000000, 0x0000000100000000)
  region size 1024K, 67 young (68608K), 3 survivors (3072K)
 Metaspace       used 48758K, capacity 50022K, committed 50128K, reserved 1093632K
  class space    used 6160K, capacity 6638K, committed 6656K, reserved 1048576K
}
Event: 7.583 GC heap after
{Heap after GC invocations=10 (full 0):
 garbage-first heap   total 129024K, used 42622K [0x0000000080000000, 0x0000000100000000)
  region size 1024K, 9 young (9216K), 9 survivors (9216K)
 Metaspace       used 48758K, capacity 50022K, committed 50128K, reserved 1093632K
  class space    used 6160K, capacity 6638K, committed 6656K, reserved 1048576K
}
Event: 8.297 GC heap before
{Heap before GC invocations=10 (full 0):
 garbage-first heap   total 129024K, used 96894K [0x0000000080000000, 0x0000000100000000)
  region size 1024K, 62 young (63488K), 9 survivors (9216K)
 Metaspace       used 56433K, capacity 57897K, committed 58064K, reserved 1099776K
  class space    used 7084K, capacity 7643K, committed 7680K, reserved 1048576K
}
Event: 8.304 GC heap after
{Heap after GC invocations=11 (full 0):
 garbage-first heap   total 129024K, used 45232K [0x0000000080000000, 0x0000000100000000)
  region size 1024K, 3 young (3072K), 3 survivors (3072K)
 Metaspace       used 56433K, capacity 57897K, committed 58064K, reserved 1099776K
  class space    used 7084K, capacity 7643K, committed 7680K, reserved 1048576K
}
Event: 8.576 GC heap before
{Heap before GC invocations=11 (full 0):
 garbage-first heap   total 129024K, used 64688K [0x0000000080000000, 0x0000000100000000)
  region size 1024K, 23 young (23552K), 3 survivors (3072K)
 Metaspace       used 59041K, capacity 60371K, committed 60508K, reserved 1101824K
  class space    used 7401K, capacity 7908K, committed 7936K, reserved 1048576K
}
Event: 8.581 GC heap after
{Heap after GC invocations=12 (full 0):
 garbage-first heap   total 129024K, used 45864K [0x0000000080000000, 0x0000000100000000)
  region size 1024K, 3 young (3072K), 3 survivors (3072K)
 Metaspace       used 59041K, capacity 60371K, committed 60508K, reserved 1101824K
  class space    used 7401K, capacity 7908K, committed 7936K, reserved 1048576K
}
Event: 9.396 GC heap before
{Heap before GC invocations=13 (full 0):
 garbage-first heap   total 129024K, used 106280K [0x0000000080000000, 0x0000000100000000)
  region size 1024K, 56 young (57344K), 3 survivors (3072K)
 Metaspace       used 63919K, capacity 65351K, committed 65616K, reserved 1105920K
  class space    used 7997K, capacity 8537K, committed 8576K, reserved 1048576K
}
Event: 9.401 GC heap after
{Heap after GC invocations=14 (full 0):
 garbage-first heap   total 129024K, used 50541K [0x0000000080000000, 0x0000000100000000)
  region size 1024K, 7 young (7168K), 7 survivors (7168K)
 Metaspace       used 63919K, capacity 65351K, committed 65616K, reserved 1105920K
  class space    used 7997K, capacity 8537K, committed 8576K, reserved 1048576K
}
Event: 9.854 GC heap before
{Heap before GC invocations=14 (full 0):
 garbage-first heap   total 129024K, used 101741K [0x0000000080000000, 0x0000000100000000)
  region size 1024K, 57 young (58368K), 7 survivors (7168K)
 Metaspace       used 66236K, capacity 67708K, committed 68048K, reserved 1107968K
  class space    used 8319K, capacity 8843K, committed 8960K, reserved 1048576K
}
Event: 9.860 GC heap after
{Heap after GC invocations=15 (full 0):
 garbage-first heap   total 129024K, used 54490K [0x0000000080000000, 0x0000000100000000)
  region size 1024K, 4 young (4096K), 4 survivors (4096K)
 Metaspace       used 66236K, capacity 67708K, committed 68048K, reserved 1107968K
  class space    used 8319K, capacity 8843K, committed 8960K, reserved 1048576K
}
Event: 10.356 GC heap before
{Heap before GC invocations=15 (full 0):
 garbage-first heap   total 129024K, used 102618K [0x0000000080000000, 0x0000000100000000)
  region size 1024K, 51 young (52224K), 4 survivors (4096K)
 Metaspace       used 69716K, capacity 71335K, committed 71376K, reserved 1112064K
  class space    used 8827K, capacity 9455K, committed 9472K, reserved 1048576K
}
Event: 10.361 GC heap after
{Heap after GC invocations=16 (full 0):
 garbage-first heap   total 129024K, used 57153K [0x0000000080000000, 0x0000000100000000)
  region size 1024K, 7 young (7168K), 7 survivors (7168K)
 Metaspace       used 69716K, capacity 71335K, committed 71376K, reserved 1112064K
  class space    used 8827K, capacity 9455K, committed 9472K, reserved 1048576K
}
Event: 11.144 GC heap before
{Heap before GC invocations=16 (full 0):
 garbage-first heap   total 129024K, used 103233K [0x0000000080000000, 0x0000000100000000)
  region size 1024K, 52 young (53248K), 7 survivors (7168K)
 Metaspace       used 74303K, capacity 75944K, committed 76240K, reserved 1116160K
  class space    used 9548K, capacity 10163K, committed 10240K, reserved 1048576K
}
Event: 11.155 GC heap after
{Heap after GC invocations=17 (full 0):
 garbage-first heap   total 129024K, used 60212K [0x0000000080000000, 0x0000000100000000)
  region size 1024K, 7 young (7168K), 7 survivors (7168K)
 Metaspace       used 74303K, capacity 75944K, committed 76240K, reserved 1116160K
  class space    used 9548K, capacity 10163K, committed 10240K, reserved 1048576K
}
Event: 12.109 GC heap before
{Heap before GC invocations=17 (full 0):
 garbage-first heap   total 129024K, used 104244K [0x0000000080000000, 0x0000000100000000)
  region size 1024K, 50 young (51200K), 7 survivors (7168K)
 Metaspace       used 78148K, capacity 79917K, committed 80208K, reserved 1118208K
  class space    used 10110K, capacity 10765K, committed 10880K, reserved 1048576K
}
Event: 12.119 GC heap after
{Heap after GC invocations=18 (full 0):
 garbage-first heap   total 129024K, used 63051K [0x0000000080000000, 0x0000000100000000)
  region size 1024K, 6 young (6144K), 6 survivors (6144K)
 Metaspace       used 78148K, capacity 79917K, committed 80208K, reserved 1118208K
  class space    used 10110K, capacity 10765K, committed 10880K, reserved 1048576K
}
Event: 13.839 GC heap before
{Heap before GC invocations=18 (full 0):
 garbage-first heap   total 129024K, used 105035K [0x0000000080000000, 0x0000000100000000)
  region size 1024K, 48 young (49152K), 6 survivors (6144K)
 Metaspace       used 83167K, capacity 85025K, committed 85200K, reserved 1122304K
  class space    used 10693K, capacity 11414K, committed 11520K, reserved 1048576K
}
Event: 13.851 GC heap after
{Heap after GC invocations=19 (full 0):
 garbage-first heap   total 129024K, used 67433K [0x0000000080000000, 0x0000000100000000)
  region size 1024K, 6 young (6144K), 6 survivors (6144K)
 Metaspace       used 83167K, capacity 85025K, committed 85200K, reserved 1122304K
  class space    used 10693K, capacity 11414K, committed 11520K, reserved 1048576K
}
Event: 15.230 GC heap before
{Heap before GC invocations=19 (full 0):
 garbage-first heap   total 129024K, used 104297K [0x0000000080000000, 0x0000000100000000)
  region size 1024K, 43 young (44032K), 6 survivors (6144K)
 Metaspace       used 84706K, capacity 86797K, committed 86992K, reserved 1124352K
  class space    used 10915K, capacity 11689K, committed 11776K, reserved 1048576K
}
Event: 15.245 GC heap after
{Heap after GC invocations=20 (full 0):
 garbage-first heap   total 129024K, used 71223K [0x0000000080000000, 0x0000000100000000)
  region size 1024K, 4 young (4096K), 4 survivors (4096K)
 Metaspace       used 84706K, capacity 86797K, committed 86992K, reserved 1124352K
  class space    used 10915K, capacity 11689K, committed 11776K, reserved 1048576K
}

